ERROR - 2023-04-07 00:34:29 --> ErrorException: pg_query(): Query failed: ERROR:  relation "rooms" does not exist in /var/www/html/Hotelmgmt/vendor/codeigniter4/framework/system/Database/Postgre/Connection.php:147
Stack trace:
#0 [internal function]: CodeIgniter\Debug\Exceptions->errorHandler()
#1 /var/www/html/Hotelmgmt/vendor/codeigniter4/framework/system/Database/Postgre/Connection.php(147): pg_query()
#2 /var/www/html/Hotelmgmt/vendor/codeigniter4/framework/system/Database/BaseConnection.php(691): CodeIgniter\Database\Postgre\Connection->execute()
#3 /var/www/html/Hotelmgmt/vendor/codeigniter4/framework/system/Database/BaseConnection.php(605): CodeIgniter\Database\BaseConnection->simpleQuery()
#4 /var/www/html/Hotelmgmt/vendor/codeigniter4/framework/system/Database/Forge.php(546): CodeIgniter\Database\BaseConnection->query()
#5 /var/www/html/Hotelmgmt/app/Database/Migrations/2023-04-06-235509_Booking.php(44): CodeIgniter\Database\Forge->createTable()
#6 /var/www/html/Hotelmgmt/vendor/codeigniter4/framework/system/Database/MigrationRunner.php(877): App\Database\Migrations\Booking->up()
#7 /var/www/html/Hotelmgmt/vendor/codeigniter4/framework/system/Database/MigrationRunner.php(188): CodeIgniter\Database\MigrationRunner->migrate()
#8 /var/www/html/Hotelmgmt/vendor/codeigniter4/framework/system/Commands/Database/Migrate.php(84): CodeIgniter\Database\MigrationRunner->latest()
#9 /var/www/html/Hotelmgmt/vendor/codeigniter4/framework/system/CLI/Commands.php(65): CodeIgniter\Commands\Database\Migrate->run()
#10 /var/www/html/Hotelmgmt/vendor/codeigniter4/framework/system/CLI/Console.php(37): CodeIgniter\CLI\Commands->run()
#11 /var/www/html/Hotelmgmt/spark(97): CodeIgniter\CLI\Console->run()
#12 {main}
ERROR - 2023-04-07 00:37:06 --> ErrorException: pg_query(): Query failed: ERROR:  relation "rooms" does not exist in /var/www/html/Hotelmgmt/vendor/codeigniter4/framework/system/Database/Postgre/Connection.php:147
Stack trace:
#0 [internal function]: CodeIgniter\Debug\Exceptions->errorHandler()
#1 /var/www/html/Hotelmgmt/vendor/codeigniter4/framework/system/Database/Postgre/Connection.php(147): pg_query()
#2 /var/www/html/Hotelmgmt/vendor/codeigniter4/framework/system/Database/BaseConnection.php(691): CodeIgniter\Database\Postgre\Connection->execute()
#3 /var/www/html/Hotelmgmt/vendor/codeigniter4/framework/system/Database/BaseConnection.php(605): CodeIgniter\Database\BaseConnection->simpleQuery()
#4 /var/www/html/Hotelmgmt/vendor/codeigniter4/framework/system/Database/Forge.php(546): CodeIgniter\Database\BaseConnection->query()
#5 /var/www/html/Hotelmgmt/app/Database/Migrations/2023-04-06-235509_Booking.php(44): CodeIgniter\Database\Forge->createTable()
#6 /var/www/html/Hotelmgmt/vendor/codeigniter4/framework/system/Database/MigrationRunner.php(877): App\Database\Migrations\Booking->up()
#7 /var/www/html/Hotelmgmt/vendor/codeigniter4/framework/system/Database/MigrationRunner.php(188): CodeIgniter\Database\MigrationRunner->migrate()
#8 /var/www/html/Hotelmgmt/vendor/codeigniter4/framework/system/Commands/Database/Migrate.php(84): CodeIgniter\Database\MigrationRunner->latest()
#9 /var/www/html/Hotelmgmt/vendor/codeigniter4/framework/system/CLI/Commands.php(65): CodeIgniter\Commands\Database\Migrate->run()
#10 /var/www/html/Hotelmgmt/vendor/codeigniter4/framework/system/CLI/Console.php(37): CodeIgniter\CLI\Commands->run()
#11 /var/www/html/Hotelmgmt/spark(97): CodeIgniter\CLI\Console->run()
#12 {main}
ERROR - 2023-04-07 00:39:04 --> ErrorException: pg_query(): Query failed: ERROR:  relation "rooms" does not exist in /var/www/html/Hotelmgmt/vendor/codeigniter4/framework/system/Database/Postgre/Connection.php:147
Stack trace:
#0 [internal function]: CodeIgniter\Debug\Exceptions->errorHandler()
#1 /var/www/html/Hotelmgmt/vendor/codeigniter4/framework/system/Database/Postgre/Connection.php(147): pg_query()
#2 /var/www/html/Hotelmgmt/vendor/codeigniter4/framework/system/Database/BaseConnection.php(691): CodeIgniter\Database\Postgre\Connection->execute()
#3 /var/www/html/Hotelmgmt/vendor/codeigniter4/framework/system/Database/BaseConnection.php(605): CodeIgniter\Database\BaseConnection->simpleQuery()
#4 /var/www/html/Hotelmgmt/vendor/codeigniter4/framework/system/Database/Forge.php(546): CodeIgniter\Database\BaseConnection->query()
#5 /var/www/html/Hotelmgmt/app/Database/Migrations/2023-04-06-235509_Booking.php(44): CodeIgniter\Database\Forge->createTable()
#6 /var/www/html/Hotelmgmt/vendor/codeigniter4/framework/system/Database/MigrationRunner.php(877): App\Database\Migrations\Booking->up()
#7 /var/www/html/Hotelmgmt/vendor/codeigniter4/framework/system/Database/MigrationRunner.php(188): CodeIgniter\Database\MigrationRunner->migrate()
#8 /var/www/html/Hotelmgmt/vendor/codeigniter4/framework/system/Commands/Database/Migrate.php(84): CodeIgniter\Database\MigrationRunner->latest()
#9 /var/www/html/Hotelmgmt/vendor/codeigniter4/framework/system/CLI/Commands.php(65): CodeIgniter\Commands\Database\Migrate->run()
#10 /var/www/html/Hotelmgmt/vendor/codeigniter4/framework/system/CLI/Console.php(37): CodeIgniter\CLI\Commands->run()
#11 /var/www/html/Hotelmgmt/spark(97): CodeIgniter\CLI\Console->run()
#12 {main}
ERROR - 2023-04-07 00:40:35 --> ErrorException: pg_query(): Query failed: ERROR:  syntax error at or near ","
LINE 5:  "amount" FLOAT(10,2) NOT NULL,
                          ^ in /var/www/html/Hotelmgmt/vendor/codeigniter4/framework/system/Database/Postgre/Connection.php:147
Stack trace:
#0 [internal function]: CodeIgniter\Debug\Exceptions->errorHandler()
#1 /var/www/html/Hotelmgmt/vendor/codeigniter4/framework/system/Database/Postgre/Connection.php(147): pg_query()
#2 /var/www/html/Hotelmgmt/vendor/codeigniter4/framework/system/Database/BaseConnection.php(691): CodeIgniter\Database\Postgre\Connection->execute()
#3 /var/www/html/Hotelmgmt/vendor/codeigniter4/framework/system/Database/BaseConnection.php(605): CodeIgniter\Database\BaseConnection->simpleQuery()
#4 /var/www/html/Hotelmgmt/vendor/codeigniter4/framework/system/Database/Forge.php(546): CodeIgniter\Database\BaseConnection->query()
#5 /var/www/html/Hotelmgmt/app/Database/Migrations/2023-04-07-002019_Payment.php(46): CodeIgniter\Database\Forge->createTable()
#6 /var/www/html/Hotelmgmt/vendor/codeigniter4/framework/system/Database/MigrationRunner.php(877): App\Database\Migrations\Payment->up()
#7 /var/www/html/Hotelmgmt/vendor/codeigniter4/framework/system/Database/MigrationRunner.php(188): CodeIgniter\Database\MigrationRunner->migrate()
#8 /var/www/html/Hotelmgmt/vendor/codeigniter4/framework/system/Commands/Database/Migrate.php(84): CodeIgniter\Database\MigrationRunner->latest()
#9 /var/www/html/Hotelmgmt/vendor/codeigniter4/framework/system/CLI/Commands.php(65): CodeIgniter\Commands\Database\Migrate->run()
#10 /var/www/html/Hotelmgmt/vendor/codeigniter4/framework/system/CLI/Console.php(37): CodeIgniter\CLI\Commands->run()
#11 /var/www/html/Hotelmgmt/spark(97): CodeIgniter\CLI\Console->run()
#12 {main}
ERROR - 2023-04-07 00:47:16 --> ErrorException: pg_query(): Query failed: ERROR:  relation "booking" does not exist in /var/www/html/Hotelmgmt/vendor/codeigniter4/framework/system/Database/Postgre/Connection.php:147
Stack trace:
#0 [internal function]: CodeIgniter\Debug\Exceptions->errorHandler()
#1 /var/www/html/Hotelmgmt/vendor/codeigniter4/framework/system/Database/Postgre/Connection.php(147): pg_query()
#2 /var/www/html/Hotelmgmt/vendor/codeigniter4/framework/system/Database/BaseConnection.php(691): CodeIgniter\Database\Postgre\Connection->execute()
#3 /var/www/html/Hotelmgmt/vendor/codeigniter4/framework/system/Database/BaseConnection.php(605): CodeIgniter\Database\BaseConnection->simpleQuery()
#4 /var/www/html/Hotelmgmt/vendor/codeigniter4/framework/system/Database/Forge.php(546): CodeIgniter\Database\BaseConnection->query()
#5 /var/www/html/Hotelmgmt/app/Database/Migrations/2023-04-07-002019_Payment.php(46): CodeIgniter\Database\Forge->createTable()
#6 /var/www/html/Hotelmgmt/vendor/codeigniter4/framework/system/Database/MigrationRunner.php(877): App\Database\Migrations\Payment->up()
#7 /var/www/html/Hotelmgmt/vendor/codeigniter4/framework/system/Database/MigrationRunner.php(188): CodeIgniter\Database\MigrationRunner->migrate()
#8 /var/www/html/Hotelmgmt/vendor/codeigniter4/framework/system/Commands/Database/Migrate.php(84): CodeIgniter\Database\MigrationRunner->latest()
#9 /var/www/html/Hotelmgmt/vendor/codeigniter4/framework/system/CLI/Commands.php(65): CodeIgniter\Commands\Database\Migrate->run()
#10 /var/www/html/Hotelmgmt/vendor/codeigniter4/framework/system/CLI/Console.php(37): CodeIgniter\CLI\Commands->run()
#11 /var/www/html/Hotelmgmt/spark(97): CodeIgniter\CLI\Console->run()
#12 {main}
ERROR - 2023-04-07 00:48:27 --> ErrorException: pg_query(): Query failed: ERROR:  relation "roomtype" does not exist in /var/www/html/Hotelmgmt/vendor/codeigniter4/framework/system/Database/Postgre/Connection.php:147
Stack trace:
#0 [internal function]: CodeIgniter\Debug\Exceptions->errorHandler()
#1 /var/www/html/Hotelmgmt/vendor/codeigniter4/framework/system/Database/Postgre/Connection.php(147): pg_query()
#2 /var/www/html/Hotelmgmt/vendor/codeigniter4/framework/system/Database/BaseConnection.php(691): CodeIgniter\Database\Postgre\Connection->execute()
#3 /var/www/html/Hotelmgmt/vendor/codeigniter4/framework/system/Database/BaseConnection.php(605): CodeIgniter\Database\BaseConnection->simpleQuery()
#4 /var/www/html/Hotelmgmt/vendor/codeigniter4/framework/system/Database/Forge.php(546): CodeIgniter\Database\BaseConnection->query()
#5 /var/www/html/Hotelmgmt/app/Database/Migrations/2023-04-07-002606_Room.php(37): CodeIgniter\Database\Forge->createTable()
#6 /var/www/html/Hotelmgmt/vendor/codeigniter4/framework/system/Database/MigrationRunner.php(877): App\Database\Migrations\Room->up()
#7 /var/www/html/Hotelmgmt/vendor/codeigniter4/framework/system/Database/MigrationRunner.php(188): CodeIgniter\Database\MigrationRunner->migrate()
#8 /var/www/html/Hotelmgmt/vendor/codeigniter4/framework/system/Commands/Database/Migrate.php(84): CodeIgniter\Database\MigrationRunner->latest()
#9 /var/www/html/Hotelmgmt/vendor/codeigniter4/framework/system/CLI/Commands.php(65): CodeIgniter\Commands\Database\Migrate->run()
#10 /var/www/html/Hotelmgmt/vendor/codeigniter4/framework/system/CLI/Console.php(37): CodeIgniter\CLI\Commands->run()
#11 /var/www/html/Hotelmgmt/spark(97): CodeIgniter\CLI\Console->run()
#12 {main}
ERROR - 2023-04-07 00:50:05 --> ErrorException: pg_query(): Query failed: ERROR:  relation "roomtype" does not exist in /var/www/html/Hotelmgmt/vendor/codeigniter4/framework/system/Database/Postgre/Connection.php:147
Stack trace:
#0 [internal function]: CodeIgniter\Debug\Exceptions->errorHandler()
#1 /var/www/html/Hotelmgmt/vendor/codeigniter4/framework/system/Database/Postgre/Connection.php(147): pg_query()
#2 /var/www/html/Hotelmgmt/vendor/codeigniter4/framework/system/Database/BaseConnection.php(691): CodeIgniter\Database\Postgre\Connection->execute()
#3 /var/www/html/Hotelmgmt/vendor/codeigniter4/framework/system/Database/BaseConnection.php(605): CodeIgniter\Database\BaseConnection->simpleQuery()
#4 /var/www/html/Hotelmgmt/vendor/codeigniter4/framework/system/Database/Forge.php(546): CodeIgniter\Database\BaseConnection->query()
#5 /var/www/html/Hotelmgmt/app/Database/Migrations/2023-04-07-002606_Room.php(37): CodeIgniter\Database\Forge->createTable()
#6 /var/www/html/Hotelmgmt/vendor/codeigniter4/framework/system/Database/MigrationRunner.php(877): App\Database\Migrations\Room->up()
#7 /var/www/html/Hotelmgmt/vendor/codeigniter4/framework/system/Database/MigrationRunner.php(188): CodeIgniter\Database\MigrationRunner->migrate()
#8 /var/www/html/Hotelmgmt/vendor/codeigniter4/framework/system/Commands/Database/Migrate.php(84): CodeIgniter\Database\MigrationRunner->latest()
#9 /var/www/html/Hotelmgmt/vendor/codeigniter4/framework/system/CLI/Commands.php(65): CodeIgniter\Commands\Database\Migrate->run()
#10 /var/www/html/Hotelmgmt/vendor/codeigniter4/framework/system/CLI/Console.php(37): CodeIgniter\CLI\Commands->run()
#11 /var/www/html/Hotelmgmt/spark(97): CodeIgniter\CLI\Console->run()
#12 {main}
ERROR - 2023-04-07 00:50:30 --> ErrorException: pg_query(): Query failed: ERROR:  relation "roomtype" does not exist in /var/www/html/Hotelmgmt/vendor/codeigniter4/framework/system/Database/Postgre/Connection.php:147
Stack trace:
#0 [internal function]: CodeIgniter\Debug\Exceptions->errorHandler()
#1 /var/www/html/Hotelmgmt/vendor/codeigniter4/framework/system/Database/Postgre/Connection.php(147): pg_query()
#2 /var/www/html/Hotelmgmt/vendor/codeigniter4/framework/system/Database/BaseConnection.php(691): CodeIgniter\Database\Postgre\Connection->execute()
#3 /var/www/html/Hotelmgmt/vendor/codeigniter4/framework/system/Database/BaseConnection.php(605): CodeIgniter\Database\BaseConnection->simpleQuery()
#4 /var/www/html/Hotelmgmt/vendor/codeigniter4/framework/system/Database/Forge.php(546): CodeIgniter\Database\BaseConnection->query()
#5 /var/www/html/Hotelmgmt/app/Database/Migrations/2023-04-07-002606_Room.php(37): CodeIgniter\Database\Forge->createTable()
#6 /var/www/html/Hotelmgmt/vendor/codeigniter4/framework/system/Database/MigrationRunner.php(877): App\Database\Migrations\Room->up()
#7 /var/www/html/Hotelmgmt/vendor/codeigniter4/framework/system/Database/MigrationRunner.php(188): CodeIgniter\Database\MigrationRunner->migrate()
#8 /var/www/html/Hotelmgmt/vendor/codeigniter4/framework/system/Commands/Database/Migrate.php(84): CodeIgniter\Database\MigrationRunner->latest()
#9 /var/www/html/Hotelmgmt/vendor/codeigniter4/framework/system/CLI/Commands.php(65): CodeIgniter\Commands\Database\Migrate->run()
#10 /var/www/html/Hotelmgmt/vendor/codeigniter4/framework/system/CLI/Console.php(37): CodeIgniter\CLI\Commands->run()
#11 /var/www/html/Hotelmgmt/spark(97): CodeIgniter\CLI\Console->run()
#12 {main}
ERROR - 2023-04-07 00:51:10 --> ErrorException: pg_query(): Query failed: ERROR:  syntax error at or near ","
LINE 5:  "cost" FLOAT(10,2) NOT NULL,
                        ^ in /var/www/html/Hotelmgmt/vendor/codeigniter4/framework/system/Database/Postgre/Connection.php:147
Stack trace:
#0 [internal function]: CodeIgniter\Debug\Exceptions->errorHandler()
#1 /var/www/html/Hotelmgmt/vendor/codeigniter4/framework/system/Database/Postgre/Connection.php(147): pg_query()
#2 /var/www/html/Hotelmgmt/vendor/codeigniter4/framework/system/Database/BaseConnection.php(691): CodeIgniter\Database\Postgre\Connection->execute()
#3 /var/www/html/Hotelmgmt/vendor/codeigniter4/framework/system/Database/BaseConnection.php(605): CodeIgniter\Database\BaseConnection->simpleQuery()
#4 /var/www/html/Hotelmgmt/vendor/codeigniter4/framework/system/Database/Forge.php(546): CodeIgniter\Database\BaseConnection->query()
#5 /var/www/html/Hotelmgmt/app/Database/Migrations/2023-04-07-003102_Roomtype.php(34): CodeIgniter\Database\Forge->createTable()
#6 /var/www/html/Hotelmgmt/vendor/codeigniter4/framework/system/Database/MigrationRunner.php(877): App\Database\Migrations\Roomtype->up()
#7 /var/www/html/Hotelmgmt/vendor/codeigniter4/framework/system/Database/MigrationRunner.php(188): CodeIgniter\Database\MigrationRunner->migrate()
#8 /var/www/html/Hotelmgmt/vendor/codeigniter4/framework/system/Commands/Database/Migrate.php(84): CodeIgniter\Database\MigrationRunner->latest()
#9 /var/www/html/Hotelmgmt/vendor/codeigniter4/framework/system/CLI/Commands.php(65): CodeIgniter\Commands\Database\Migrate->run()
#10 /var/www/html/Hotelmgmt/vendor/codeigniter4/framework/system/CLI/Console.php(37): CodeIgniter\CLI\Commands->run()
#11 /var/www/html/Hotelmgmt/spark(97): CodeIgniter\CLI\Console->run()
#12 {main}
CRITICAL - 2023-04-07 15:45:25 --> Call to undefined function set_value()
in APPPATH/Views/Layouts/user/userlogin.php on line 13.
 1 SYSTEMPATH/View/View.php(213): include()
 2 SYSTEMPATH/View/View.php(216): CodeIgniter\View\View->CodeIgniter\View\{closure}()
 3 SYSTEMPATH/Common.php(1184): CodeIgniter\View\View->render()
 4 APPPATH/Controllers/UsersController.php(13): view()
 5 SYSTEMPATH/CodeIgniter.php(934): App\Controllers\UsersController->userlogin()
 6 SYSTEMPATH/CodeIgniter.php(499): CodeIgniter\CodeIgniter->runController()
 7 SYSTEMPATH/CodeIgniter.php(368): CodeIgniter\CodeIgniter->handleRequest()
 8 FCPATH/index.php(67): CodeIgniter\CodeIgniter->run()
 9 SYSTEMPATH/Commands/Server/rewrite.php(47): require_once('FCPATH/index.php')
CRITICAL - 2023-04-07 15:58:53 --> Call to undefined function set_value()
in APPPATH/Views/Layouts/user/userlogin.php on line 13.
 1 SYSTEMPATH/View/View.php(213): include()
 2 SYSTEMPATH/View/View.php(216): CodeIgniter\View\View->CodeIgniter\View\{closure}()
 3 SYSTEMPATH/Common.php(1184): CodeIgniter\View\View->render()
 4 APPPATH/Controllers/UsersController.php(13): view()
 5 SYSTEMPATH/CodeIgniter.php(934): App\Controllers\UsersController->userlogin()
 6 SYSTEMPATH/CodeIgniter.php(499): CodeIgniter\CodeIgniter->runController()
 7 SYSTEMPATH/CodeIgniter.php(368): CodeIgniter\CodeIgniter->handleRequest()
 8 FCPATH/index.php(67): CodeIgniter\CodeIgniter->run()
 9 SYSTEMPATH/Commands/Server/rewrite.php(47): require_once('FCPATH/index.php')
