CRITICAL - 2023-04-02 04:05:51 --> Unable to locate view cell class: "".
in SYSTEMPATH/View/Cell.php on line 181.
 1 SYSTEMPATH/View/Cell.php(181): CodeIgniter\View\Exceptions\ViewException::forInvalidCellClass()
 2 SYSTEMPATH/View/Cell.php(73): CodeIgniter\View\Cell->determineClass()
 3 SYSTEMPATH/Common.php(1200): CodeIgniter\View\Cell->render()
 4 APPPATH/Views/templates/header.php(3): view_cell()
 5 SYSTEMPATH/View/View.php(213): include('APPPATH/Views/templates/header.php')
 6 SYSTEMPATH/View/View.php(216): CodeIgniter\View\View->CodeIgniter\View\{closure}()
 7 SYSTEMPATH/Common.php(1184): CodeIgniter\View\View->render()
 8 APPPATH/Controllers/Login.php(14): view()
 9 SYSTEMPATH/CodeIgniter.php(934): App\Controllers\Login->adminlogin()
10 SYSTEMPATH/CodeIgniter.php(499): CodeIgniter\CodeIgniter->runController()
11 SYSTEMPATH/CodeIgniter.php(368): CodeIgniter\CodeIgniter->handleRequest()
12 FCPATH/index.php(67): CodeIgniter\CodeIgniter->run()
13 SYSTEMPATH/Commands/Server/rewrite.php(47): require_once('FCPATH/index.php')
CRITICAL - 2023-04-02 04:07:50 --> Unable to locate view cell class: "".
in SYSTEMPATH/View/Cell.php on line 181.
 1 SYSTEMPATH/View/Cell.php(181): CodeIgniter\View\Exceptions\ViewException::forInvalidCellClass()
 2 SYSTEMPATH/View/Cell.php(73): CodeIgniter\View\Cell->determineClass()
 3 SYSTEMPATH/Common.php(1200): CodeIgniter\View\Cell->render()
 4 APPPATH/Views/templates/header.php(3): view_cell()
 5 SYSTEMPATH/View/View.php(213): include('APPPATH/Views/templates/header.php')
 6 SYSTEMPATH/View/View.php(216): CodeIgniter\View\View->CodeIgniter\View\{closure}()
 7 SYSTEMPATH/Common.php(1184): CodeIgniter\View\View->render()
 8 APPPATH/Controllers/Login.php(14): view()
 9 SYSTEMPATH/CodeIgniter.php(934): App\Controllers\Login->adminlogin()
10 SYSTEMPATH/CodeIgniter.php(499): CodeIgniter\CodeIgniter->runController()
11 SYSTEMPATH/CodeIgniter.php(368): CodeIgniter\CodeIgniter->handleRequest()
12 FCPATH/index.php(67): CodeIgniter\CodeIgniter->run()
13 SYSTEMPATH/Commands/Server/rewrite.php(47): require_once('FCPATH/index.php')
CRITICAL - 2023-04-02 04:07:51 --> Unable to locate view cell class: "".
in SYSTEMPATH/View/Cell.php on line 181.
 1 SYSTEMPATH/View/Cell.php(181): CodeIgniter\View\Exceptions\ViewException::forInvalidCellClass()
 2 SYSTEMPATH/View/Cell.php(73): CodeIgniter\View\Cell->determineClass()
 3 SYSTEMPATH/Common.php(1200): CodeIgniter\View\Cell->render()
 4 APPPATH/Views/templates/header.php(3): view_cell()
 5 SYSTEMPATH/View/View.php(213): include('APPPATH/Views/templates/header.php')
 6 SYSTEMPATH/View/View.php(216): CodeIgniter\View\View->CodeIgniter\View\{closure}()
 7 SYSTEMPATH/Common.php(1184): CodeIgniter\View\View->render()
 8 APPPATH/Controllers/Login.php(14): view()
 9 SYSTEMPATH/CodeIgniter.php(934): App\Controllers\Login->adminlogin()
10 SYSTEMPATH/CodeIgniter.php(499): CodeIgniter\CodeIgniter->runController()
11 SYSTEMPATH/CodeIgniter.php(368): CodeIgniter\CodeIgniter->handleRequest()
12 FCPATH/index.php(67): CodeIgniter\CodeIgniter->run()
13 SYSTEMPATH/Commands/Server/rewrite.php(47): require_once('FCPATH/index.php')
CRITICAL - 2023-04-02 04:07:51 --> Unable to locate view cell class: "".
in SYSTEMPATH/View/Cell.php on line 181.
 1 SYSTEMPATH/View/Cell.php(181): CodeIgniter\View\Exceptions\ViewException::forInvalidCellClass()
 2 SYSTEMPATH/View/Cell.php(73): CodeIgniter\View\Cell->determineClass()
 3 SYSTEMPATH/Common.php(1200): CodeIgniter\View\Cell->render()
 4 APPPATH/Views/templates/header.php(3): view_cell()
 5 SYSTEMPATH/View/View.php(213): include('APPPATH/Views/templates/header.php')
 6 SYSTEMPATH/View/View.php(216): CodeIgniter\View\View->CodeIgniter\View\{closure}()
 7 SYSTEMPATH/Common.php(1184): CodeIgniter\View\View->render()
 8 APPPATH/Controllers/Login.php(14): view()
 9 SYSTEMPATH/CodeIgniter.php(934): App\Controllers\Login->adminlogin()
10 SYSTEMPATH/CodeIgniter.php(499): CodeIgniter\CodeIgniter->runController()
11 SYSTEMPATH/CodeIgniter.php(368): CodeIgniter\CodeIgniter->handleRequest()
12 FCPATH/index.php(67): CodeIgniter\CodeIgniter->run()
13 SYSTEMPATH/Commands/Server/rewrite.php(47): require_once('FCPATH/index.php')
CRITICAL - 2023-04-02 04:09:13 --> Invalid file: "header.php"
in SYSTEMPATH/Exceptions/FrameworkException.php on line 33.
 1 SYSTEMPATH/View/View.php(201): CodeIgniter\Exceptions\FrameworkException::forInvalidFile()
 2 SYSTEMPATH/Common.php(1184): CodeIgniter\View\View->render()
 3 APPPATH/Controllers/Home.php(9): view()
 4 SYSTEMPATH/CodeIgniter.php(934): App\Controllers\Home->index()
 5 SYSTEMPATH/CodeIgniter.php(499): CodeIgniter\CodeIgniter->runController()
 6 SYSTEMPATH/CodeIgniter.php(368): CodeIgniter\CodeIgniter->handleRequest()
 7 FCPATH/index.php(67): CodeIgniter\CodeIgniter->run()
 8 SYSTEMPATH/Commands/Server/rewrite.php(47): require_once('FCPATH/index.php')
CRITICAL - 2023-04-02 04:25:21 --> Call to undefined method CodeIgniter\View\View::extends()
in APPPATH/Views/home.php on line 1.
 1 SYSTEMPATH/View/View.php(213): include()
 2 SYSTEMPATH/View/View.php(216): CodeIgniter\View\View->CodeIgniter\View\{closure}()
 3 SYSTEMPATH/Common.php(1184): CodeIgniter\View\View->render()
 4 APPPATH/Controllers/Home.php(10): view()
 5 SYSTEMPATH/CodeIgniter.php(934): App\Controllers\Home->index()
 6 SYSTEMPATH/CodeIgniter.php(499): CodeIgniter\CodeIgniter->runController()
 7 SYSTEMPATH/CodeIgniter.php(368): CodeIgniter\CodeIgniter->handleRequest()
 8 FCPATH/index.php(67): CodeIgniter\CodeIgniter->run()
 9 SYSTEMPATH/Commands/Server/rewrite.php(47): require_once('FCPATH/index.php')
CRITICAL - 2023-04-02 04:25:54 --> Call to undefined method CodeIgniter\View\View::extends()
in APPPATH/Views/home.php on line 1.
 1 SYSTEMPATH/View/View.php(213): include()
 2 SYSTEMPATH/View/View.php(216): CodeIgniter\View\View->CodeIgniter\View\{closure}()
 3 SYSTEMPATH/Common.php(1184): CodeIgniter\View\View->render()
 4 APPPATH/Controllers/Home.php(10): view()
 5 SYSTEMPATH/CodeIgniter.php(934): App\Controllers\Home->index()
 6 SYSTEMPATH/CodeIgniter.php(499): CodeIgniter\CodeIgniter->runController()
 7 SYSTEMPATH/CodeIgniter.php(368): CodeIgniter\CodeIgniter->handleRequest()
 8 FCPATH/index.php(67): CodeIgniter\CodeIgniter->run()
 9 SYSTEMPATH/Commands/Server/rewrite.php(47): require_once('FCPATH/index.php')
CRITICAL - 2023-04-02 04:25:55 --> Call to undefined method CodeIgniter\View\View::extends()
in APPPATH/Views/home.php on line 1.
 1 SYSTEMPATH/View/View.php(213): include()
 2 SYSTEMPATH/View/View.php(216): CodeIgniter\View\View->CodeIgniter\View\{closure}()
 3 SYSTEMPATH/Common.php(1184): CodeIgniter\View\View->render()
 4 APPPATH/Controllers/Home.php(10): view()
 5 SYSTEMPATH/CodeIgniter.php(934): App\Controllers\Home->index()
 6 SYSTEMPATH/CodeIgniter.php(499): CodeIgniter\CodeIgniter->runController()
 7 SYSTEMPATH/CodeIgniter.php(368): CodeIgniter\CodeIgniter->handleRequest()
 8 FCPATH/index.php(67): CodeIgniter\CodeIgniter->run()
 9 SYSTEMPATH/Commands/Server/rewrite.php(47): require_once('FCPATH/index.php')
CRITICAL - 2023-04-02 04:25:55 --> Call to undefined method CodeIgniter\View\View::extends()
in APPPATH/Views/home.php on line 1.
 1 SYSTEMPATH/View/View.php(213): include()
 2 SYSTEMPATH/View/View.php(216): CodeIgniter\View\View->CodeIgniter\View\{closure}()
 3 SYSTEMPATH/Common.php(1184): CodeIgniter\View\View->render()
 4 APPPATH/Controllers/Home.php(10): view()
 5 SYSTEMPATH/CodeIgniter.php(934): App\Controllers\Home->index()
 6 SYSTEMPATH/CodeIgniter.php(499): CodeIgniter\CodeIgniter->runController()
 7 SYSTEMPATH/CodeIgniter.php(368): CodeIgniter\CodeIgniter->handleRequest()
 8 FCPATH/index.php(67): CodeIgniter\CodeIgniter->run()
 9 SYSTEMPATH/Commands/Server/rewrite.php(47): require_once('FCPATH/index.php')
CRITICAL - 2023-04-02 04:29:47 --> Invalid file: "templates/header.php"
in SYSTEMPATH/Exceptions/FrameworkException.php on line 33.
 1 SYSTEMPATH/View/View.php(201): CodeIgniter\Exceptions\FrameworkException::forInvalidFile()
 2 SYSTEMPATH/Common.php(1184): CodeIgniter\View\View->render()
 3 APPPATH/Controllers/Login.php(19): view()
 4 SYSTEMPATH/CodeIgniter.php(934): App\Controllers\Login->userlogin()
 5 SYSTEMPATH/CodeIgniter.php(499): CodeIgniter\CodeIgniter->runController()
 6 SYSTEMPATH/CodeIgniter.php(368): CodeIgniter\CodeIgniter->handleRequest()
 7 FCPATH/index.php(67): CodeIgniter\CodeIgniter->run()
 8 SYSTEMPATH/Commands/Server/rewrite.php(47): require_once('FCPATH/index.php')
CRITICAL - 2023-04-02 04:29:52 --> Invalid file: "templates/header.php"
in SYSTEMPATH/Exceptions/FrameworkException.php on line 33.
 1 SYSTEMPATH/View/View.php(201): CodeIgniter\Exceptions\FrameworkException::forInvalidFile()
 2 SYSTEMPATH/Common.php(1184): CodeIgniter\View\View->render()
 3 APPPATH/Controllers/Login.php(19): view()
 4 SYSTEMPATH/CodeIgniter.php(934): App\Controllers\Login->userlogin()
 5 SYSTEMPATH/CodeIgniter.php(499): CodeIgniter\CodeIgniter->runController()
 6 SYSTEMPATH/CodeIgniter.php(368): CodeIgniter\CodeIgniter->handleRequest()
 7 FCPATH/index.php(67): CodeIgniter\CodeIgniter->run()
 8 SYSTEMPATH/Commands/Server/rewrite.php(47): require_once('FCPATH/index.php')
CRITICAL - 2023-04-02 04:31:21 --> Invalid file: "usernlogin.php"
in SYSTEMPATH/Exceptions/FrameworkException.php on line 33.
 1 SYSTEMPATH/View/View.php(201): CodeIgniter\Exceptions\FrameworkException::forInvalidFile()
 2 SYSTEMPATH/Common.php(1184): CodeIgniter\View\View->render()
 3 APPPATH/Controllers/Login.php(19): view()
 4 SYSTEMPATH/CodeIgniter.php(934): App\Controllers\Login->userlogin()
 5 SYSTEMPATH/CodeIgniter.php(499): CodeIgniter\CodeIgniter->runController()
 6 SYSTEMPATH/CodeIgniter.php(368): CodeIgniter\CodeIgniter->handleRequest()
 7 FCPATH/index.php(67): CodeIgniter\CodeIgniter->run()
 8 SYSTEMPATH/Commands/Server/rewrite.php(47): require_once('FCPATH/index.php')
ERROR - 2023-04-02 11:25:51 --> ErrorException: pg_query(): Query failed: ERROR:  relation "user" already exists in /var/www/html/Hotelmgmt/vendor/codeigniter4/framework/system/Database/Postgre/Connection.php:147
Stack trace:
#0 [internal function]: CodeIgniter\Debug\Exceptions->errorHandler()
#1 /var/www/html/Hotelmgmt/vendor/codeigniter4/framework/system/Database/Postgre/Connection.php(147): pg_query()
#2 /var/www/html/Hotelmgmt/vendor/codeigniter4/framework/system/Database/BaseConnection.php(691): CodeIgniter\Database\Postgre\Connection->execute()
#3 /var/www/html/Hotelmgmt/vendor/codeigniter4/framework/system/Database/BaseConnection.php(605): CodeIgniter\Database\BaseConnection->simpleQuery()
#4 /var/www/html/Hotelmgmt/vendor/codeigniter4/framework/system/Database/Forge.php(546): CodeIgniter\Database\BaseConnection->query()
#5 /var/www/html/Hotelmgmt/app/Database/Migrations/2023-04-02-111854_User.php(41): CodeIgniter\Database\Forge->createTable()
#6 /var/www/html/Hotelmgmt/vendor/codeigniter4/framework/system/Database/MigrationRunner.php(877): App\Database\Migrations\User->up()
#7 /var/www/html/Hotelmgmt/vendor/codeigniter4/framework/system/Database/MigrationRunner.php(188): CodeIgniter\Database\MigrationRunner->migrate()
#8 /var/www/html/Hotelmgmt/vendor/codeigniter4/framework/system/Commands/Database/Migrate.php(84): CodeIgniter\Database\MigrationRunner->latest()
#9 /var/www/html/Hotelmgmt/vendor/codeigniter4/framework/system/CLI/Commands.php(65): CodeIgniter\Commands\Database\Migrate->run()
#10 /var/www/html/Hotelmgmt/vendor/codeigniter4/framework/system/CLI/Console.php(37): CodeIgniter\CLI\Commands->run()
#11 /var/www/html/Hotelmgmt/spark(97): CodeIgniter\CLI\Console->run()
#12 {main}
