ERROR - 2023-04-04 12:31:16 --> Error connecting to the database: ErrorException: pg_connect(): Unable to connect to PostgreSQL server: connection to server at &quot;localhost&quot; (::1), port 5432 failed: Connection refused
	Is the server running on that host and accepting TCP/IP connections?
connection to server at &quot;localhost&quot; (127.0.0.1), port 5432 failed: Connection refused
	Is the server running on that host and accepting TCP/IP connections? in /var/www/html/Hotelmgmt/vendor/codeigniter4/framework/system/Database/Postgre/Connection.php:75
Stack trace:
#0 [internal function]: CodeIgniter\Debug\Exceptions->errorHandler()
#1 /var/www/html/Hotelmgmt/vendor/codeigniter4/framework/system/Database/Postgre/Connection.php(75): pg_connect()
#2 /var/www/html/Hotelmgmt/vendor/codeigniter4/framework/system/Database/BaseConnection.php(391): CodeIgniter\Database\Postgre\Connection->connect()
#3 /var/www/html/Hotelmgmt/vendor/codeigniter4/framework/system/Database/BaseConnection.php(573): CodeIgniter\Database\BaseConnection->initialize()
#4 /var/www/html/Hotelmgmt/vendor/codeigniter4/framework/system/Database/BaseBuilder.php(2309): CodeIgniter\Database\BaseConnection->query()
#5 /var/www/html/Hotelmgmt/vendor/codeigniter4/framework/system/Model.php(330): CodeIgniter\Database\BaseBuilder->insert()
#6 /var/www/html/Hotelmgmt/vendor/codeigniter4/framework/system/BaseModel.php(782): CodeIgniter\Model->doInsert()
#7 /var/www/html/Hotelmgmt/vendor/codeigniter4/framework/system/Model.php(730): CodeIgniter\BaseModel->insert()
#8 /var/www/html/Hotelmgmt/vendor/codeigniter4/framework/system/BaseModel.php(692): CodeIgniter\Model->insert()
#9 /var/www/html/Hotelmgmt/app/Controllers/UsersController.php(14): CodeIgniter\BaseModel->save()
#10 /var/www/html/Hotelmgmt/vendor/codeigniter4/framework/system/CodeIgniter.php(934): App\Controllers\UsersController->register()
#11 /var/www/html/Hotelmgmt/vendor/codeigniter4/framework/system/CodeIgniter.php(499): CodeIgniter\CodeIgniter->runController()
#12 /var/www/html/Hotelmgmt/vendor/codeigniter4/framework/system/CodeIgniter.php(368): CodeIgniter\CodeIgniter->handleRequest()
#13 /var/www/html/Hotelmgmt/public/index.php(67): CodeIgniter\CodeIgniter->run()
#14 /var/www/html/Hotelmgmt/vendor/codeigniter4/framework/system/Commands/Server/rewrite.php(47): require_once('...')
#15 {main}
CRITICAL - 2023-04-04 12:31:16 --> Unable to connect to the database.
Main connection [Postgre]: pg_connect(): Unable to connect to PostgreSQL server: connection to server at &quot;localhost&quot; (::1), port 5432 failed: Connection refused
	Is the server running on that host and accepting TCP/IP connections?
connection to server at &quot;localhost&quot; (127.0.0.1), port 5432 failed: Connection refused
	Is the server running on that host and accepting TCP/IP connections?
in SYSTEMPATH/Database/BaseConnection.php on line 427.
 1 SYSTEMPATH/Database/BaseConnection.php(573): CodeIgniter\Database\BaseConnection->initialize()
 2 SYSTEMPATH/Database/BaseBuilder.php(2309): CodeIgniter\Database\BaseConnection->query()
 3 SYSTEMPATH/Model.php(330): CodeIgniter\Database\BaseBuilder->insert()
 4 SYSTEMPATH/BaseModel.php(782): CodeIgniter\Model->doInsert()
 5 SYSTEMPATH/Model.php(730): CodeIgniter\BaseModel->insert()
 6 SYSTEMPATH/BaseModel.php(692): CodeIgniter\Model->insert()
 7 APPPATH/Controllers/UsersController.php(14): CodeIgniter\BaseModel->save()
 8 SYSTEMPATH/CodeIgniter.php(934): App\Controllers\UsersController->register()
 9 SYSTEMPATH/CodeIgniter.php(499): CodeIgniter\CodeIgniter->runController()
10 SYSTEMPATH/CodeIgniter.php(368): CodeIgniter\CodeIgniter->handleRequest()
11 FCPATH/index.php(67): CodeIgniter\CodeIgniter->run()
12 SYSTEMPATH/Commands/Server/rewrite.php(47): require_once('FCPATH/index.php')
